<?xml version="1.0" encoding="UTF-8"?>
<!-- Generated by org.testng.reporters.JUnitReportReporter -->
<testsuite hostname="FollozePC-PC" name="com.folloze.NewTest" tests="1" failures="0" timestamp="27 Nov 2016 13:29:09 GMT" time="3.485" errors="0">
  <testcase name="testPageTitle" time="3.485" classname="com.folloze.NewTest"/>
</testsuite> <!-- com.folloze.NewTest -->
