<?xml version="1.0" encoding="UTF-8"?>
<!-- Generated by org.testng.reporters.JUnitReportReporter -->
<testsuite hostname="FollozePC-PC" name="com.folloze.tests.NewTest" tests="3" failures="0" timestamp="27 Jun 2017 12:37:30 GMT" time="30.120" errors="0">
  <testcase name="inviteToBoard" time="11.258" classname="com.folloze.tests.NewTest"/>
  <testcase name="createBoard" time="14.622" classname="com.folloze.tests.NewTest"/>
  <testcase name="LoginSuccess" time="4.240" classname="com.folloze.tests.NewTest"/>
</testsuite> <!-- com.folloze.tests.NewTest -->
