<?xml version="1.0" encoding="UTF-8"?>
<!-- Generated by org.testng.reporters.JUnitReportReporter -->
<testsuite hostname="FollozePC-PC" name="com.folloze.tests.NewTest" tests="6" failures="0" timestamp="21 Apr 2017 06:09:47 GMT" time="53.819" errors="0">
  <testcase name="LoginTrue" time="6.761" classname="com.folloze.tests.NewTest"/>
  <testcase name="createBoard" time="20.677" classname="com.folloze.tests.NewTest"/>
  <testcase name="favoriteBoard" time="1.014" classname="com.folloze.tests.NewTest"/>
  <testcase name="newChannel" time="1.975" classname="com.folloze.tests.NewTest"/>
  <testcase name="addBoardToChannel" time="6.942" classname="com.folloze.tests.NewTest"/>
  <testcase name="inviteToChannel" time="16.450" classname="com.folloze.tests.NewTest"/>
</testsuite> <!-- com.folloze.tests.NewTest -->
