<?xml version="1.0" encoding="UTF-8"?>
<!-- Generated by org.testng.reporters.JUnitReportReporter -->
<testsuite hostname="FollozePC-PC" name="com.folloze.tests.NewTest" tests="1" failures="0" timestamp="12 Apr 2017 08:59:08 GMT" time="0.735" errors="0">
  <testcase name="LinkedInSignUpWithInvitation" time="0.735" classname="com.folloze.tests.NewTest"/>
</testsuite> <!-- com.folloze.tests.NewTest -->
