<?xml version="1.0" encoding="UTF-8"?>
<!-- Generated by org.testng.reporters.JUnitReportReporter -->
<testsuite hostname="FollozePC-PC" name="com.folloze.tests.NewTest" tests="5" failures="0" timestamp="20 Apr 2017 08:34:02 GMT" time="31.416" errors="0">
  <testcase name="favoriteBoard" time="1.056" classname="com.folloze.tests.NewTest"/>
  <testcase name="createBoard" time="18.705" classname="com.folloze.tests.NewTest"/>
  <testcase name="LoginTrue" time="3.592" classname="com.folloze.tests.NewTest"/>
  <testcase name="addBoardToChannel" time="6.930" classname="com.folloze.tests.NewTest"/>
  <testcase name="newChannel" time="1.133" classname="com.folloze.tests.NewTest"/>
</testsuite> <!-- com.folloze.tests.NewTest -->
