<?xml version="1.0" encoding="UTF-8"?>
<!-- Generated by org.testng.reporters.JUnitReportReporter -->
<testsuite hostname="FollozePC-PC" name="com.app.tests.App" tests="1" failures="0" timestamp="9 Apr 2017 04:09:34 GMT" time="8.084" errors="0">
  <testcase name="test" time="8.084" classname="com.app.tests.App"/>
</testsuite> <!-- com.app.tests.App -->
