<?xml version="1.0" encoding="UTF-8"?>
<!-- Generated by org.testng.reporters.JUnitReportReporter -->
<testsuite hostname="FollozePC-PC" name="com.folloze.tests.InviteToFollozeTests" tests="1" failures="0" timestamp="27 Jun 2017 07:54:31 GMT" time="0.436" errors="0">
  <testcase name="signInToGmail" time="0.436" classname="com.folloze.tests.InviteToFollozeTests"/>
</testsuite> <!-- com.folloze.tests.InviteToFollozeTests -->
